()
295
()
293
300
()
290
()
262
()
260
***
268
()
239
***
299
()
236
()
217
()
216
***
224
()
201
270
()
193
***
273
()
190
298
()
188
()
180
252
()
179
187
()
174
()
172
()
169
253
()
168
206
()
165
***
223
()
157
()
156
208
210
***
240
()
149
218
232
***
237
269
()
147
234
()
144
225
()
140
()
131
***
137
()
127
162
***
264
()
126
()
123
***
148
()
122
219
***
220
()
120
***
178
261
()
117
()
113
132
256
()
111
114
***
124
265
294
()
109
276
()
108
***
139
170
222
***
245
()
107
()
104
***
118
292
()
102
***
163
194
()
101
191
215
***
226
247
()
100
214
266
()
99
125
***
227
()
98
***
116
228
285
()
93
***
95
***
119
221
243
()
91
267
***
286
296
***
297
()
88
90
176
***
189
()
86
161
()
85
175
***
207
250
()
83
***
130
***
143
()
79
()
78
177
***
186
()
76
198
***
254
()
73
***
129
249
()
72
()
69
***
75
185
***
196
()
66
204
***
257
263
***
271
()
65
()
62
***
67
()
61
146
()
60
283
()
59
()
58
106
***
160
213
***
251
274
()
57
***
77
244
275
()
56
***
97
()
54
183
()
53
164
()
52
***
92
***
96
138
184
***
197
()
51
152
***
205
()
49
***
63
()
46
199
()
44
211
()
43
***
48
()
42
***
82
192
()
41
***
71
89
277
***
280
()
40
153
154
***
195
***
212
278
()
39
()
38
***
87
103
235
238
241
***
282
()
37
112
***
128
230
()
34
279
()
33
142
()
32
64
***
81
145
***
200
()
31
74
***
94
159
***
173
()
29
***
84
231
***
246
***
288
()
28
()
27
***
36
55
110
167
()
26
30
258
()
25
()
24
68
()
23
***
35
()
20
281
***
284
()
18
***
21
()
16
50
151
()
15
***
22
***
45
121
()
14
***
19
()
12
242
()
11
47
155
***
203
()
10
229
259
***
289
()
9
80
()
8
115
***
135
()
7
105
158
***
166
***
209
()
6
***
181
()
5
70
141
171
291
()
4
133
***
136
()
3
150
()
2
***
13
134
***
182
202
***
233
()
1
17
248
255
272
***
287
