()
488
()
485
***
491
()
478
()
467
()
466
()
463
***
470
()
448
***
459
()
400
***
411
()
388
***
395
()
372
***
385
()
366
***
375
473
()
362
***
404
***
458
()
361
461
***
468
()
349
500
()
337
***
381
***
390
()
336
()
334
()
328
424
***
436
()
327
()
325
()
324
***
379
***
380
()
322
()
321
()
319
***
339
***
355
***
399
()
316
()
314
***
317
()
305
***
340
***
398
469
***
475
()
299
***
392
402
***
429
()
297
()
296
***
332
()
292
***
313
()
291
()
290
()
288
360
***
371
433
()
282
357
***
415
()
277
***
364
()
273
326
()
269
()
268
***
276
***
397
()
265
368
450
()
264
308
()
250
***
252
333
()
244
***
306
()
243
()
241
***
266
382
422
***
435
()
240
***
270
()
229
***
298
()
222
420
()
217
***
303
()
216
***
221
301
()
214
***
227
()
212
()
210
428
()
208
279
***
342
()
206
249
423
***
443
()
204
393
***
401
()
198
()
197
246
345
352
***
353
***
378
()
193
431
486
***
498
()
187
***
218
***
247
281
496
***
497
()
184
412
***
460
()
183
()
181
***
233
()
177
()
174
309
()
171
***
286
416
***
421
462
***
480
()
170
356
***
455
()
169
***
191
278
***
293
***
300
344
***
365
()
166
()
163
()
160
***
178
***
185
()
159
()
158
271
***
320
492
***
493
()
156
()
154
285
407
()
151
***
329
***
359
()
150
***
219
***
258
***
387
()
148
194
***
242
294
***
338
()
147
***
188
()
146
232
***
236
()
145
***
164
215
***
225
***
261
()
142
408
***
439
()
139
***
295
()
138
()
134
***
153
***
192
263
()
133
220
()
129
***
140
***
350
()
128
196
304
347
()
127
***
141
476
()
124
312
***
335
()
122
***
162
487
()
121
***
205
481
()
119
***
173
()
118
157
211
()
114
***
155
***
190
***
237
363
()
112
186
***
377
405
***
410
***
452
()
108
***
239
()
107
***
348
367
***
389
()
105
***
168
248
287
445
()
102
***
113
437
()
101
417
434
()
100
***
106
201
***
406
()
99
***
257
***
354
***
370
()
96
***
104
111
***
167
()
93
409
***
499
()
90
***
260
()
88
***
125
136
()
87
***
97
135
***
137
457
()
86
152
***
172
369
***
432
()
85
224
230
***
280
343
()
82
***
144
226
383
***
396
***
427
()
81
376
***
426
()
80
()
79
()
78
***
331
346
438
***
454
()
74
***
131
()
73
207
***
213
()
71
***
451
()
69
***
98
403
***
418
471
***
484
()
68
209
477
()
67
274
479
()
66
()
65
***
200
***
234
()
64
77
132
***
202
***
251
()
63
***
95
()
61
()
60
444
()
59
***
391
()
58
***
92
()
55
***
103
()
52
323
358
***
384
()
49
***
203
223
464
***
490
()
48
***
62
()
47
***
83
()
45
***
117
()
44
***
89
91
110
***
116
***
235
()
42
()
40
179
***
182
430
***
449
()
39
***
41
109
***
143
()
36
120
238
***
245
()
35
()
33
255
***
272
307
()
32
***
53
***
123
()
31
256
()
28
482
***
495
()
27
56
***
149
425
()
26
94
()
25
***
72
***
318
()
24
***
43
472
***
474
()
23
283
***
302
()
22
***
30
175
447
()
21
57
310
()
20
***
37
***
51
489
()
18
***
70
165
442
***
465
()
17
()
16
453
***
456
()
15
253
413
***
446
()
14
***
29
386
()
13
***
84
115
***
126
483
***
494
()
11
***
161
***
189
()
10
231
267
***
275
***
311
440
()
9
***
50
54
259
()
8
***
12
()
7
***
34
176
373
***
394
()
6
***
46
289
()
5
***
38
75
***
195
254
341
374
()
4
()
3
228
***
262
284
***
414
***
419
()
2
***
19
76
***
199
315
***
330
()
1
130
***
180
351
***
441
